{"C:\\proyectos\\nexus-talent\\backend\\src\\app.js": {"path":"C:\\proyectos\\nexus-talent\\backend\\src\\app.js","statementMap":{"0":{"start":{"line":1,"column":16},"end":{"line":1,"column":34}},"1":{"start":{"line":2,"column":13},"end":{"line":2,"column":28}},"2":{"start":{"line":3,"column":18},"end":{"line":3,"column":47}},"3":{"start":{"line":4,"column":20},"end":{"line":4,"column":47}},"4":{"start":{"line":5,"column":0},"end":{"line":5,"column":27}},"5":{"start":{"line":7,"column":19},"end":{"line":7,"column":49}},"6":{"start":{"line":8,"column":19},"end":{"line":8,"column":49}},"7":{"start":{"line":9,"column":24},"end":{"line":9,"column":59}},"8":{"start":{"line":10,"column":23},"end":{"line":10,"column":57}},"9":{"start":{"line":12,"column":12},"end":{"line":12,"column":21}},"10":{"start":{"line":14,"column":0},"end":{"line":14,"column":16}},"11":{"start":{"line":15,"column":0},"end":{"line":15,"column":24}},"12":{"start":{"line":18,"column":0},"end":{"line":21,"column":4}},"13":{"start":{"line":23,"column":0},"end":{"line":29,"column":3}},"14":{"start":{"line":24,"column":2},"end":{"line":28,"column":5}},"15":{"start":{"line":31,"column":0},"end":{"line":31,"column":33}},"16":{"start":{"line":32,"column":0},"end":{"line":32,"column":34}},"17":{"start":{"line":33,"column":0},"end":{"line":33,"column":43}},"18":{"start":{"line":34,"column":0},"end":{"line":34,"column":41}},"19":{"start":{"line":36,"column":0},"end":{"line":38,"column":3}},"20":{"start":{"line":37,"column":2},"end":{"line":37,"column":56}},"21":{"start":{"line":40,"column":0},"end":{"line":40,"column":21}}},"fnMap":{"0":{"name":"(anonymous_0)","decl":{"start":{"line":23,"column":13},"end":{"line":23,"column":14}},"loc":{"start":{"line":23,"column":27},"end":{"line":29,"column":1}},"line":23},"1":{"name":"(anonymous_1)","decl":{"start":{"line":36,"column":8},"end":{"line":36,"column":9}},"loc":{"start":{"line":36,"column":22},"end":{"line":38,"column":1}},"line":36}},"branchMap":{},"s":{"0":4,"1":4,"2":4,"3":4,"4":4,"5":4,"6":4,"7":4,"8":4,"9":4,"10":4,"11":4,"12":4,"13":4,"14":0,"15":4,"16":4,"17":4,"18":4,"19":4,"20":0,"21":4},"f":{"0":0,"1":0},"b":{},"_coverageSchema":"1a1c01bbd47fc00a2c39e90264f33305004495a9","hash":"35980c047d236df069832a6e06da6fd9726eae56"}
,"C:\\proyectos\\nexus-talent\\backend\\src\\config\\cloudinary.js": {"path":"C:\\proyectos\\nexus-talent\\backend\\src\\config\\cloudinary.js","statementMap":{"0":{"start":{"line":1,"column":19},"end":{"line":1,"column":43}},"1":{"start":{"line":2,"column":0},"end":{"line":2,"column":27}},"2":{"start":{"line":4,"column":0},"end":{"line":8,"column":3}},"3":{"start":{"line":10,"column":0},"end":{"line":10,"column":28}}},"fnMap":{},"branchMap":{},"s":{"0":3,"1":3,"2":3,"3":3},"f":{},"b":{},"_coverageSchema":"1a1c01bbd47fc00a2c39e90264f33305004495a9","hash":"4a6362a810ff35092ddd6ec562ea97a78dddaa2d"}
,"C:\\proyectos\\nexus-talent\\backend\\src\\config\\swagger.js": {"path":"C:\\proyectos\\nexus-talent\\backend\\src\\config\\swagger.js","statementMap":{"0":{"start":{"line":1,"column":21},"end":{"line":1,"column":45}},"1":{"start":{"line":3,"column":16},"end":{"line":33,"column":1}},"2":{"start":{"line":35,"column":20},"end":{"line":35,"column":41}},"3":{"start":{"line":36,"column":0},"end":{"line":36,"column":29}}},"fnMap":{},"branchMap":{},"s":{"0":4,"1":4,"2":4,"3":4},"f":{},"b":{},"_coverageSchema":"1a1c01bbd47fc00a2c39e90264f33305004495a9","hash":"574cd6542a0c70b4f816cc07f86ad93ba15048cc"}
,"C:\\proyectos\\nexus-talent\\backend\\src\\controllers\\authController.js": {"path":"C:\\proyectos\\nexus-talent\\backend\\src\\controllers\\authController.js","statementMap":{"0":{"start":{"line":1,"column":15},"end":{"line":1,"column":34}},"1":{"start":{"line":2,"column":12},"end":{"line":2,"column":35}},"2":{"start":{"line":3,"column":40},"end":{"line":3,"column":70}},"3":{"start":{"line":5,"column":17},"end":{"line":46,"column":1}},"4":{"start":{"line":6,"column":2},"end":{"line":45,"column":3}},"5":{"start":{"line":7,"column":45},"end":{"line":7,"column":53}},"6":{"start":{"line":9,"column":4},"end":{"line":11,"column":5}},"7":{"start":{"line":10,"column":6},"end":{"line":10,"column":82}},"8":{"start":{"line":13,"column":23},"end":{"line":13,"column":51}},"9":{"start":{"line":14,"column":4},"end":{"line":16,"column":5}},"10":{"start":{"line":15,"column":6},"end":{"line":15,"column":75}},"11":{"start":{"line":18,"column":4},"end":{"line":20,"column":5}},"12":{"start":{"line":19,"column":6},"end":{"line":19,"column":93}},"13":{"start":{"line":22,"column":25},"end":{"line":22,"column":53}},"14":{"start":{"line":23,"column":4},"end":{"line":25,"column":5}},"15":{"start":{"line":24,"column":6},"end":{"line":24,"column":77}},"16":{"start":{"line":27,"column":27},"end":{"line":27,"column":58}},"17":{"start":{"line":28,"column":20},"end":{"line":28,"column":86}},"18":{"start":{"line":30,"column":18},"end":{"line":34,"column":5}},"19":{"start":{"line":36,"column":4},"end":{"line":40,"column":7}},"20":{"start":{"line":43,"column":4},"end":{"line":43,"column":47}},"21":{"start":{"line":44,"column":4},"end":{"line":44,"column":66}},"22":{"start":{"line":48,"column":14},"end":{"line":87,"column":1}},"23":{"start":{"line":49,"column":2},"end":{"line":86,"column":3}},"24":{"start":{"line":50,"column":32},"end":{"line":50,"column":40}},"25":{"start":{"line":52,"column":4},"end":{"line":54,"column":5}},"26":{"start":{"line":53,"column":6},"end":{"line":53,"column":84}},"27":{"start":{"line":56,"column":17},"end":{"line":56,"column":45}},"28":{"start":{"line":57,"column":4},"end":{"line":59,"column":5}},"29":{"start":{"line":58,"column":6},"end":{"line":58,"column":71}},"30":{"start":{"line":61,"column":26},"end":{"line":61,"column":71}},"31":{"start":{"line":62,"column":4},"end":{"line":64,"column":5}},"32":{"start":{"line":63,"column":6},"end":{"line":63,"column":71}},"33":{"start":{"line":66,"column":18},"end":{"line":70,"column":5}},"34":{"start":{"line":72,"column":4},"end":{"line":81,"column":7}},"35":{"start":{"line":84,"column":4},"end":{"line":84,"column":44}},"36":{"start":{"line":85,"column":4},"end":{"line":85,"column":66}},"37":{"start":{"line":89,"column":0},"end":{"line":89,"column":37}}},"fnMap":{"0":{"name":"(anonymous_0)","decl":{"start":{"line":5,"column":17},"end":{"line":5,"column":18}},"loc":{"start":{"line":5,"column":37},"end":{"line":46,"column":1}},"line":5},"1":{"name":"(anonymous_1)","decl":{"start":{"line":48,"column":14},"end":{"line":48,"column":15}},"loc":{"start":{"line":48,"column":34},"end":{"line":87,"column":1}},"line":48}},"branchMap":{"0":{"loc":{"start":{"line":9,"column":4},"end":{"line":11,"column":5}},"type":"if","locations":[{"start":{"line":9,"column":4},"end":{"line":11,"column":5}},{"start":{},"end":{}}],"line":9},"1":{"loc":{"start":{"line":9,"column":8},"end":{"line":9,"column":46}},"type":"binary-expr","locations":[{"start":{"line":9,"column":8},"end":{"line":9,"column":15}},{"start":{"line":9,"column":19},"end":{"line":9,"column":25}},{"start":{"line":9,"column":29},"end":{"line":9,"column":38}},{"start":{"line":9,"column":42},"end":{"line":9,"column":46}}],"line":9},"2":{"loc":{"start":{"line":14,"column":4},"end":{"line":16,"column":5}},"type":"if","locations":[{"start":{"line":14,"column":4},"end":{"line":16,"column":5}},{"start":{},"end":{}}],"line":14},"3":{"loc":{"start":{"line":18,"column":4},"end":{"line":20,"column":5}},"type":"if","locations":[{"start":{"line":18,"column":4},"end":{"line":20,"column":5}},{"start":{},"end":{}}],"line":18},"4":{"loc":{"start":{"line":23,"column":4},"end":{"line":25,"column":5}},"type":"if","locations":[{"start":{"line":23,"column":4},"end":{"line":25,"column":5}},{"start":{},"end":{}}],"line":23},"5":{"loc":{"start":{"line":52,"column":4},"end":{"line":54,"column":5}},"type":"if","locations":[{"start":{"line":52,"column":4},"end":{"line":54,"column":5}},{"start":{},"end":{}}],"line":52},"6":{"loc":{"start":{"line":52,"column":8},"end":{"line":52,"column":27}},"type":"binary-expr","locations":[{"start":{"line":52,"column":8},"end":{"line":52,"column":14}},{"start":{"line":52,"column":18},"end":{"line":52,"column":27}}],"line":52},"7":{"loc":{"start":{"line":57,"column":4},"end":{"line":59,"column":5}},"type":"if","locations":[{"start":{"line":57,"column":4},"end":{"line":59,"column":5}},{"start":{},"end":{}}],"line":57},"8":{"loc":{"start":{"line":62,"column":4},"end":{"line":64,"column":5}},"type":"if","locations":[{"start":{"line":62,"column":4},"end":{"line":64,"column":5}},{"start":{},"end":{}}],"line":62}},"s":{"0":4,"1":4,"2":4,"3":4,"4":5,"5":5,"6":5,"7":1,"8":4,"9":4,"10":1,"11":3,"12":1,"13":2,"14":2,"15":1,"16":1,"17":1,"18":1,"19":1,"20":0,"21":0,"22":4,"23":4,"24":4,"25":4,"26":1,"27":3,"28":3,"29":1,"30":2,"31":2,"32":1,"33":1,"34":1,"35":0,"36":0,"37":4},"f":{"0":5,"1":4},"b":{"0":[1,4],"1":[5,4,4,4],"2":[1,3],"3":[1,2],"4":[1,1],"5":[1,3],"6":[4,3],"7":[1,2],"8":[1,1]},"_coverageSchema":"1a1c01bbd47fc00a2c39e90264f33305004495a9","hash":"d0a98258861b44ca58353b539ccf1826e233d674"}
,"C:\\proyectos\\nexus-talent\\backend\\src\\controllers\\feedbackController.js": {"path":"C:\\proyectos\\nexus-talent\\backend\\src\\controllers\\feedbackController.js","statementMap":{"0":{"start":{"line":8,"column":4},"end":{"line":8,"column":38}},"1":{"start":{"line":9,"column":13},"end":{"line":9,"column":42}},"2":{"start":{"line":14,"column":24},"end":{"line":23,"column":1}},"3":{"start":{"line":15,"column":17},"end":{"line":21,"column":3}},"4":{"start":{"line":22,"column":2},"end":{"line":22,"column":24}},"5":{"start":{"line":28,"column":20},"end":{"line":69,"column":1}},"6":{"start":{"line":29,"column":2},"end":{"line":68,"column":3}},"7":{"start":{"line":30,"column":23},"end":{"line":30,"column":34}},"8":{"start":{"line":31,"column":26},"end":{"line":31,"column":36}},"9":{"start":{"line":32,"column":34},"end":{"line":32,"column":42}},"10":{"start":{"line":34,"column":4},"end":{"line":36,"column":5}},"11":{"start":{"line":35,"column":6},"end":{"line":35,"column":98}},"12":{"start":{"line":38,"column":24},"end":{"line":38,"column":56}},"13":{"start":{"line":39,"column":4},"end":{"line":41,"column":5}},"14":{"start":{"line":40,"column":6},"end":{"line":40,"column":71}},"15":{"start":{"line":43,"column":4},"end":{"line":45,"column":5}},"16":{"start":{"line":44,"column":6},"end":{"line":44,"column":96}},"17":{"start":{"line":47,"column":21},"end":{"line":47,"column":25}},"18":{"start":{"line":48,"column":21},"end":{"line":48,"column":25}},"19":{"start":{"line":50,"column":4},"end":{"line":55,"column":5}},"20":{"start":{"line":51,"column":6},"end":{"line":53,"column":7}},"21":{"start":{"line":52,"column":8},"end":{"line":52,"column":96}},"22":{"start":{"line":54,"column":6},"end":{"line":54,"column":69}},"23":{"start":{"line":57,"column":4},"end":{"line":62,"column":5}},"24":{"start":{"line":58,"column":6},"end":{"line":60,"column":7}},"25":{"start":{"line":59,"column":8},"end":{"line":59,"column":85}},"26":{"start":{"line":61,"column":6},"end":{"line":61,"column":81}},"27":{"start":{"line":64,"column":4},"end":{"line":64,"column":96}},"28":{"start":{"line":66,"column":4},"end":{"line":66,"column":50}},"29":{"start":{"line":67,"column":4},"end":{"line":67,"column":66}},"30":{"start":{"line":74,"column":27},"end":{"line":92,"column":1}},"31":{"start":{"line":75,"column":2},"end":{"line":91,"column":3}},"32":{"start":{"line":76,"column":26},"end":{"line":76,"column":36}},"33":{"start":{"line":78,"column":24},"end":{"line":78,"column":61}},"34":{"start":{"line":79,"column":27},"end":{"line":79,"column":69}},"35":{"start":{"line":81,"column":4},"end":{"line":87,"column":7}},"36":{"start":{"line":89,"column":4},"end":{"line":89,"column":57}},"37":{"start":{"line":90,"column":4},"end":{"line":90,"column":66}},"38":{"start":{"line":97,"column":22},"end":{"line":120,"column":1}},"39":{"start":{"line":98,"column":2},"end":{"line":119,"column":3}},"40":{"start":{"line":99,"column":23},"end":{"line":99,"column":34}},"41":{"start":{"line":100,"column":26},"end":{"line":100,"column":36}},"42":{"start":{"line":102,"column":23},"end":{"line":102,"column":54}},"43":{"start":{"line":103,"column":4},"end":{"line":105,"column":5}},"44":{"start":{"line":104,"column":6},"end":{"line":104,"column":73}},"45":{"start":{"line":107,"column":24},"end":{"line":107,"column":69}},"46":{"start":{"line":110,"column":4},"end":{"line":112,"column":5}},"47":{"start":{"line":111,"column":6},"end":{"line":111,"column":94}},"48":{"start":{"line":114,"column":4},"end":{"line":114,"column":35}},"49":{"start":{"line":115,"column":4},"end":{"line":115,"column":63}},"50":{"start":{"line":117,"column":4},"end":{"line":117,"column":52}},"51":{"start":{"line":118,"column":4},"end":{"line":118,"column":66}},"52":{"start":{"line":122,"column":0},"end":{"line":126,"column":2}}},"fnMap":{"0":{"name":"(anonymous_0)","decl":{"start":{"line":14,"column":24},"end":{"line":14,"column":25}},"loc":{"start":{"line":14,"column":47},"end":{"line":23,"column":1}},"line":14},"1":{"name":"(anonymous_1)","decl":{"start":{"line":28,"column":20},"end":{"line":28,"column":21}},"loc":{"start":{"line":28,"column":40},"end":{"line":69,"column":1}},"line":28},"2":{"name":"(anonymous_2)","decl":{"start":{"line":74,"column":27},"end":{"line":74,"column":28}},"loc":{"start":{"line":74,"column":47},"end":{"line":92,"column":1}},"line":74},"3":{"name":"(anonymous_3)","decl":{"start":{"line":97,"column":22},"end":{"line":97,"column":23}},"loc":{"start":{"line":97,"column":42},"end":{"line":120,"column":1}},"line":97}},"branchMap":{"0":{"loc":{"start":{"line":34,"column":4},"end":{"line":36,"column":5}},"type":"if","locations":[{"start":{"line":34,"column":4},"end":{"line":36,"column":5}},{"start":{},"end":{}}],"line":34},"1":{"loc":{"start":{"line":34,"column":8},"end":{"line":34,"column":29}},"type":"binary-expr","locations":[{"start":{"line":34,"column":8},"end":{"line":34,"column":14}},{"start":{"line":34,"column":18},"end":{"line":34,"column":29}}],"line":34},"2":{"loc":{"start":{"line":39,"column":4},"end":{"line":41,"column":5}},"type":"if","locations":[{"start":{"line":39,"column":4},"end":{"line":41,"column":5}},{"start":{},"end":{}}],"line":39},"3":{"loc":{"start":{"line":43,"column":4},"end":{"line":45,"column":5}},"type":"if","locations":[{"start":{"line":43,"column":4},"end":{"line":45,"column":5}},{"start":{},"end":{}}],"line":43},"4":{"loc":{"start":{"line":50,"column":4},"end":{"line":55,"column":5}},"type":"if","locations":[{"start":{"line":50,"column":4},"end":{"line":55,"column":5}},{"start":{},"end":{}}],"line":50},"5":{"loc":{"start":{"line":51,"column":6},"end":{"line":53,"column":7}},"type":"if","locations":[{"start":{"line":51,"column":6},"end":{"line":53,"column":7}},{"start":{},"end":{}}],"line":51},"6":{"loc":{"start":{"line":57,"column":4},"end":{"line":62,"column":5}},"type":"if","locations":[{"start":{"line":57,"column":4},"end":{"line":62,"column":5}},{"start":{},"end":{}}],"line":57},"7":{"loc":{"start":{"line":58,"column":6},"end":{"line":60,"column":7}},"type":"if","locations":[{"start":{"line":58,"column":6},"end":{"line":60,"column":7}},{"start":{},"end":{}}],"line":58},"8":{"loc":{"start":{"line":58,"column":10},"end":{"line":58,"column":42}},"type":"binary-expr","locations":[{"start":{"line":58,"column":10},"end":{"line":58,"column":24}},{"start":{"line":58,"column":28},"end":{"line":58,"column":42}}],"line":58},"9":{"loc":{"start":{"line":84,"column":18},"end":{"line":84,"column":58}},"type":"binary-expr","locations":[{"start":{"line":84,"column":18},"end":{"line":84,"column":53}},{"start":{"line":84,"column":57},"end":{"line":84,"column":58}}],"line":84},"10":{"loc":{"start":{"line":85,"column":15},"end":{"line":85,"column":50}},"type":"binary-expr","locations":[{"start":{"line":85,"column":15},"end":{"line":85,"column":45}},{"start":{"line":85,"column":49},"end":{"line":85,"column":50}}],"line":85},"11":{"loc":{"start":{"line":103,"column":4},"end":{"line":105,"column":5}},"type":"if","locations":[{"start":{"line":103,"column":4},"end":{"line":105,"column":5}},{"start":{},"end":{}}],"line":103},"12":{"loc":{"start":{"line":110,"column":4},"end":{"line":112,"column":5}},"type":"if","locations":[{"start":{"line":110,"column":4},"end":{"line":112,"column":5}},{"start":{},"end":{}}],"line":110},"13":{"loc":{"start":{"line":110,"column":8},"end":{"line":110,"column":83}},"type":"binary-expr","locations":[{"start":{"line":110,"column":8},"end":{"line":110,"column":44}},{"start":{"line":110,"column":48},"end":{"line":110,"column":83}}],"line":110}},"s":{"0":4,"1":4,"2":4,"3":4,"4":4,"5":4,"6":2,"7":2,"8":2,"9":2,"10":2,"11":0,"12":2,"13":2,"14":0,"15":2,"16":1,"17":1,"18":1,"19":1,"20":1,"21":0,"22":1,"23":1,"24":1,"25":0,"26":1,"27":1,"28":0,"29":0,"30":4,"31":2,"32":2,"33":2,"34":1,"35":1,"36":1,"37":1,"38":4,"39":2,"40":2,"41":2,"42":2,"43":2,"44":0,"45":2,"46":2,"47":1,"48":1,"49":1,"50":0,"51":0,"52":4},"f":{"0":4,"1":2,"2":2,"3":2},"b":{"0":[0,2],"1":[2,0],"2":[0,2],"3":[1,1],"4":[1,0],"5":[0,1],"6":[1,0],"7":[0,1],"8":[1,1],"9":[1,0],"10":[1,0],"11":[0,2],"12":[1,1],"13":[2,1]},"_coverageSchema":"1a1c01bbd47fc00a2c39e90264f33305004495a9","hash":"d1c208c3efe298b4735184d13dcbf40bba74b926"}
,"C:\\proyectos\\nexus-talent\\backend\\src\\controllers\\portfolioController.js": {"path":"C:\\proyectos\\nexus-talent\\backend\\src\\controllers\\portfolioController.js","statementMap":{"0":{"start":{"line":8,"column":4},"end":{"line":8,"column":39}},"1":{"start":{"line":9,"column":19},"end":{"line":9,"column":50}},"2":{"start":{"line":14,"column":31},"end":{"line":28,"column":1}},"3":{"start":{"line":15,"column":2},"end":{"line":27,"column":3}},"4":{"start":{"line":16,"column":23},"end":{"line":16,"column":33}},"5":{"start":{"line":17,"column":26},"end":{"line":17,"column":58}},"6":{"start":{"line":19,"column":4},"end":{"line":21,"column":5}},"7":{"start":{"line":20,"column":6},"end":{"line":20,"column":99}},"8":{"start":{"line":23,"column":4},"end":{"line":23,"column":28}},"9":{"start":{"line":25,"column":4},"end":{"line":25,"column":61}},"10":{"start":{"line":26,"column":4},"end":{"line":26,"column":66}},"11":{"start":{"line":33,"column":24},"end":{"line":39,"column":1}},"12":{"start":{"line":34,"column":19},"end":{"line":34,"column":57}},"13":{"start":{"line":35,"column":2},"end":{"line":37,"column":3}},"14":{"start":{"line":36,"column":4},"end":{"line":36,"column":94}},"15":{"start":{"line":38,"column":2},"end":{"line":38,"column":20}},"16":{"start":{"line":44,"column":27},"end":{"line":55,"column":1}},"17":{"start":{"line":45,"column":2},"end":{"line":54,"column":5}},"18":{"start":{"line":46,"column":19},"end":{"line":52,"column":5}},"19":{"start":{"line":49,"column":8},"end":{"line":50,"column":29}},"20":{"start":{"line":49,"column":19},"end":{"line":49,"column":33}},"21":{"start":{"line":50,"column":13},"end":{"line":50,"column":29}},"22":{"start":{"line":53,"column":4},"end":{"line":53,"column":27}},"23":{"start":{"line":60,"column":19},"end":{"line":109,"column":1}},"24":{"start":{"line":61,"column":2},"end":{"line":108,"column":3}},"25":{"start":{"line":62,"column":23},"end":{"line":62,"column":34}},"26":{"start":{"line":63,"column":86},"end":{"line":63,"column":94}},"27":{"start":{"line":65,"column":4},"end":{"line":67,"column":5}},"28":{"start":{"line":66,"column":6},"end":{"line":66,"column":99}},"29":{"start":{"line":69,"column":4},"end":{"line":71,"column":5}},"30":{"start":{"line":70,"column":6},"end":{"line":70,"column":90}},"31":{"start":{"line":74,"column":23},"end":{"line":74,"column":56}},"32":{"start":{"line":77,"column":21},"end":{"line":77,"column":23}},"33":{"start":{"line":78,"column":4},"end":{"line":84,"column":5}},"34":{"start":{"line":79,"column":27},"end":{"line":79,"column":68}},"35":{"start":{"line":80,"column":6},"end":{"line":80,"column":43}},"36":{"start":{"line":82,"column":6},"end":{"line":82,"column":65}},"37":{"start":{"line":83,"column":6},"end":{"line":83,"column":73}},"38":{"start":{"line":87,"column":20},"end":{"line":87,"column":22}},"39":{"start":{"line":88,"column":4},"end":{"line":92,"column":5}},"40":{"start":{"line":89,"column":6},"end":{"line":89,"column":75}},"41":{"start":{"line":89,"column":50},"end":{"line":89,"column":58}},"42":{"start":{"line":89,"column":72},"end":{"line":89,"column":73}},"43":{"start":{"line":90,"column":11},"end":{"line":92,"column":5}},"44":{"start":{"line":91,"column":6},"end":{"line":91,"column":30}},"45":{"start":{"line":95,"column":26},"end":{"line":102,"column":6}},"46":{"start":{"line":104,"column":4},"end":{"line":104,"column":40}},"47":{"start":{"line":106,"column":4},"end":{"line":106,"column":49}},"48":{"start":{"line":107,"column":4},"end":{"line":107,"column":66}},"49":{"start":{"line":114,"column":20},"end":{"line":158,"column":1}},"50":{"start":{"line":115,"column":2},"end":{"line":157,"column":3}},"51":{"start":{"line":116,"column":23},"end":{"line":116,"column":34}},"52":{"start":{"line":117,"column":32},"end":{"line":117,"column":42}},"53":{"start":{"line":118,"column":86},"end":{"line":118,"column":94}},"54":{"start":{"line":120,"column":23},"end":{"line":120,"column":61}},"55":{"start":{"line":121,"column":4},"end":{"line":123,"column":5}},"56":{"start":{"line":122,"column":6},"end":{"line":122,"column":73}},"57":{"start":{"line":125,"column":21},"end":{"line":125,"column":30}},"58":{"start":{"line":126,"column":4},"end":{"line":129,"column":5}},"59":{"start":{"line":127,"column":27},"end":{"line":127,"column":68}},"60":{"start":{"line":128,"column":6},"end":{"line":128,"column":43}},"61":{"start":{"line":131,"column":20},"end":{"line":131,"column":29}},"62":{"start":{"line":132,"column":4},"end":{"line":138,"column":5}},"63":{"start":{"line":133,"column":6},"end":{"line":137,"column":7}},"64":{"start":{"line":134,"column":8},"end":{"line":134,"column":77}},"65":{"start":{"line":134,"column":52},"end":{"line":134,"column":60}},"66":{"start":{"line":134,"column":74},"end":{"line":134,"column":75}},"67":{"start":{"line":135,"column":13},"end":{"line":137,"column":7}},"68":{"start":{"line":136,"column":8},"end":{"line":136,"column":32}},"69":{"start":{"line":140,"column":32},"end":{"line":147,"column":6}},"70":{"start":{"line":149,"column":4},"end":{"line":151,"column":5}},"71":{"start":{"line":150,"column":6},"end":{"line":150,"column":87}},"72":{"start":{"line":153,"column":4},"end":{"line":153,"column":34}},"73":{"start":{"line":155,"column":4},"end":{"line":155,"column":50}},"74":{"start":{"line":156,"column":4},"end":{"line":156,"column":66}},"75":{"start":{"line":163,"column":22},"end":{"line":183,"column":1}},"76":{"start":{"line":164,"column":2},"end":{"line":182,"column":3}},"77":{"start":{"line":165,"column":23},"end":{"line":165,"column":34}},"78":{"start":{"line":166,"column":32},"end":{"line":166,"column":42}},"79":{"start":{"line":168,"column":23},"end":{"line":168,"column":61}},"80":{"start":{"line":169,"column":4},"end":{"line":171,"column":5}},"81":{"start":{"line":170,"column":6},"end":{"line":170,"column":73}},"82":{"start":{"line":173,"column":22},"end":{"line":173,"column":69}},"83":{"start":{"line":174,"column":4},"end":{"line":176,"column":5}},"84":{"start":{"line":175,"column":6},"end":{"line":175,"column":87}},"85":{"start":{"line":178,"column":4},"end":{"line":178,"column":61}},"86":{"start":{"line":180,"column":4},"end":{"line":180,"column":52}},"87":{"start":{"line":181,"column":4},"end":{"line":181,"column":66}},"88":{"start":{"line":185,"column":0},"end":{"line":190,"column":2}}},"fnMap":{"0":{"name":"(anonymous_0)","decl":{"start":{"line":14,"column":31},"end":{"line":14,"column":32}},"loc":{"start":{"line":14,"column":51},"end":{"line":28,"column":1}},"line":14},"1":{"name":"(anonymous_1)","decl":{"start":{"line":33,"column":24},"end":{"line":33,"column":25}},"loc":{"start":{"line":33,"column":46},"end":{"line":39,"column":1}},"line":33},"2":{"name":"(anonymous_2)","decl":{"start":{"line":44,"column":27},"end":{"line":44,"column":28}},"loc":{"start":{"line":44,"column":43},"end":{"line":55,"column":1}},"line":44},"3":{"name":"(anonymous_3)","decl":{"start":{"line":45,"column":21},"end":{"line":45,"column":22}},"loc":{"start":{"line":45,"column":42},"end":{"line":54,"column":3}},"line":45},"4":{"name":"(anonymous_4)","decl":{"start":{"line":48,"column":6},"end":{"line":48,"column":7}},"loc":{"start":{"line":48,"column":25},"end":{"line":51,"column":7}},"line":48},"5":{"name":"(anonymous_5)","decl":{"start":{"line":60,"column":19},"end":{"line":60,"column":20}},"loc":{"start":{"line":60,"column":39},"end":{"line":109,"column":1}},"line":60},"6":{"name":"(anonymous_6)","decl":{"start":{"line":89,"column":45},"end":{"line":89,"column":46}},"loc":{"start":{"line":89,"column":50},"end":{"line":89,"column":58}},"line":89},"7":{"name":"(anonymous_7)","decl":{"start":{"line":89,"column":67},"end":{"line":89,"column":68}},"loc":{"start":{"line":89,"column":72},"end":{"line":89,"column":73}},"line":89},"8":{"name":"(anonymous_8)","decl":{"start":{"line":114,"column":20},"end":{"line":114,"column":21}},"loc":{"start":{"line":114,"column":40},"end":{"line":158,"column":1}},"line":114},"9":{"name":"(anonymous_9)","decl":{"start":{"line":134,"column":47},"end":{"line":134,"column":48}},"loc":{"start":{"line":134,"column":52},"end":{"line":134,"column":60}},"line":134},"10":{"name":"(anonymous_10)","decl":{"start":{"line":134,"column":69},"end":{"line":134,"column":70}},"loc":{"start":{"line":134,"column":74},"end":{"line":134,"column":75}},"line":134},"11":{"name":"(anonymous_11)","decl":{"start":{"line":163,"column":22},"end":{"line":163,"column":23}},"loc":{"start":{"line":163,"column":42},"end":{"line":183,"column":1}},"line":163}},"branchMap":{"0":{"loc":{"start":{"line":19,"column":4},"end":{"line":21,"column":5}},"type":"if","locations":[{"start":{"line":19,"column":4},"end":{"line":21,"column":5}},{"start":{},"end":{}}],"line":19},"1":{"loc":{"start":{"line":35,"column":2},"end":{"line":37,"column":3}},"type":"if","locations":[{"start":{"line":35,"column":2},"end":{"line":37,"column":3}},{"start":{},"end":{}}],"line":35},"2":{"loc":{"start":{"line":49,"column":8},"end":{"line":50,"column":29}},"type":"if","locations":[{"start":{"line":49,"column":8},"end":{"line":50,"column":29}},{"start":{"line":50,"column":13},"end":{"line":50,"column":29}}],"line":49},"3":{"loc":{"start":{"line":65,"column":4},"end":{"line":67,"column":5}},"type":"if","locations":[{"start":{"line":65,"column":4},"end":{"line":67,"column":5}},{"start":{},"end":{}}],"line":65},"4":{"loc":{"start":{"line":65,"column":8},"end":{"line":65,"column":47}},"type":"binary-expr","locations":[{"start":{"line":65,"column":8},"end":{"line":65,"column":15}},{"start":{"line":65,"column":19},"end":{"line":65,"column":31}},{"start":{"line":65,"column":35},"end":{"line":65,"column":47}}],"line":65},"5":{"loc":{"start":{"line":69,"column":4},"end":{"line":71,"column":5}},"type":"if","locations":[{"start":{"line":69,"column":4},"end":{"line":71,"column":5}},{"start":{},"end":{}}],"line":69},"6":{"loc":{"start":{"line":88,"column":4},"end":{"line":92,"column":5}},"type":"if","locations":[{"start":{"line":88,"column":4},"end":{"line":92,"column":5}},{"start":{"line":90,"column":11},"end":{"line":92,"column":5}}],"line":88},"7":{"loc":{"start":{"line":90,"column":11},"end":{"line":92,"column":5}},"type":"if","locations":[{"start":{"line":90,"column":11},"end":{"line":92,"column":5}},{"start":{},"end":{}}],"line":90},"8":{"loc":{"start":{"line":121,"column":4},"end":{"line":123,"column":5}},"type":"if","locations":[{"start":{"line":121,"column":4},"end":{"line":123,"column":5}},{"start":{},"end":{}}],"line":121},"9":{"loc":{"start":{"line":126,"column":4},"end":{"line":129,"column":5}},"type":"if","locations":[{"start":{"line":126,"column":4},"end":{"line":129,"column":5}},{"start":{},"end":{}}],"line":126},"10":{"loc":{"start":{"line":132,"column":4},"end":{"line":138,"column":5}},"type":"if","locations":[{"start":{"line":132,"column":4},"end":{"line":138,"column":5}},{"start":{},"end":{}}],"line":132},"11":{"loc":{"start":{"line":133,"column":6},"end":{"line":137,"column":7}},"type":"if","locations":[{"start":{"line":133,"column":6},"end":{"line":137,"column":7}},{"start":{"line":135,"column":13},"end":{"line":137,"column":7}}],"line":133},"12":{"loc":{"start":{"line":135,"column":13},"end":{"line":137,"column":7}},"type":"if","locations":[{"start":{"line":135,"column":13},"end":{"line":137,"column":7}},{"start":{},"end":{}}],"line":135},"13":{"loc":{"start":{"line":149,"column":4},"end":{"line":151,"column":5}},"type":"if","locations":[{"start":{"line":149,"column":4},"end":{"line":151,"column":5}},{"start":{},"end":{}}],"line":149},"14":{"loc":{"start":{"line":169,"column":4},"end":{"line":171,"column":5}},"type":"if","locations":[{"start":{"line":169,"column":4},"end":{"line":171,"column":5}},{"start":{},"end":{}}],"line":169},"15":{"loc":{"start":{"line":174,"column":4},"end":{"line":176,"column":5}},"type":"if","locations":[{"start":{"line":174,"column":4},"end":{"line":176,"column":5}},{"start":{},"end":{}}],"line":174}},"s":{"0":4,"1":4,"2":4,"3":3,"4":3,"5":3,"6":2,"7":1,"8":1,"9":1,"10":1,"11":4,"12":1,"13":1,"14":0,"15":1,"16":4,"17":1,"18":1,"19":1,"20":0,"21":1,"22":1,"23":4,"24":1,"25":1,"26":1,"27":1,"28":0,"29":1,"30":0,"31":1,"32":1,"33":1,"34":1,"35":1,"36":0,"37":0,"38":1,"39":1,"40":1,"41":2,"42":2,"43":0,"44":0,"45":1,"46":1,"47":0,"48":0,"49":4,"50":0,"51":0,"52":0,"53":0,"54":0,"55":0,"56":0,"57":0,"58":0,"59":0,"60":0,"61":0,"62":0,"63":0,"64":0,"65":0,"66":0,"67":0,"68":0,"69":0,"70":0,"71":0,"72":0,"73":0,"74":0,"75":4,"76":2,"77":2,"78":2,"79":2,"80":2,"81":0,"82":2,"83":2,"84":1,"85":1,"86":0,"87":0,"88":4},"f":{"0":3,"1":1,"2":1,"3":1,"4":1,"5":1,"6":2,"7":2,"8":0,"9":0,"10":0,"11":2},"b":{"0":[1,1],"1":[0,1],"2":[0,1],"3":[0,1],"4":[1,1,1],"5":[0,1],"6":[1,0],"7":[0,0],"8":[0,0],"9":[0,0],"10":[0,0],"11":[0,0],"12":[0,0],"13":[0,0],"14":[0,2],"15":[1,1]},"_coverageSchema":"1a1c01bbd47fc00a2c39e90264f33305004495a9","hash":"1a0f058715ae98f21b81593f400c8e819e7bff0f"}
,"C:\\proyectos\\nexus-talent\\backend\\src\\controllers\\userController.js": {"path":"C:\\proyectos\\nexus-talent\\backend\\src\\controllers\\userController.js","statementMap":{"0":{"start":{"line":1,"column":37},"end":{"line":1,"column":67}},"1":{"start":{"line":3,"column":19},"end":{"line":14,"column":1}},"2":{"start":{"line":4,"column":2},"end":{"line":13,"column":3}},"3":{"start":{"line":5,"column":17},"end":{"line":5,"column":48}},"4":{"start":{"line":6,"column":4},"end":{"line":8,"column":5}},"5":{"start":{"line":7,"column":6},"end":{"line":7,"column":70}},"6":{"start":{"line":9,"column":4},"end":{"line":9,"column":35}},"7":{"start":{"line":11,"column":4},"end":{"line":11,"column":49}},"8":{"start":{"line":12,"column":4},"end":{"line":12,"column":66}},"9":{"start":{"line":16,"column":22},"end":{"line":40,"column":1}},"10":{"start":{"line":17,"column":2},"end":{"line":39,"column":3}},"11":{"start":{"line":18,"column":62},"end":{"line":18,"column":70}},"12":{"start":{"line":20,"column":4},"end":{"line":22,"column":5}},"13":{"start":{"line":21,"column":6},"end":{"line":21,"column":73}},"14":{"start":{"line":24,"column":24},"end":{"line":29,"column":6}},"15":{"start":{"line":31,"column":4},"end":{"line":34,"column":7}},"16":{"start":{"line":37,"column":4},"end":{"line":37,"column":52}},"17":{"start":{"line":38,"column":4},"end":{"line":38,"column":66}},"18":{"start":{"line":42,"column":0},"end":{"line":42,"column":47}}},"fnMap":{"0":{"name":"(anonymous_0)","decl":{"start":{"line":3,"column":19},"end":{"line":3,"column":20}},"loc":{"start":{"line":3,"column":39},"end":{"line":14,"column":1}},"line":3},"1":{"name":"(anonymous_1)","decl":{"start":{"line":16,"column":22},"end":{"line":16,"column":23}},"loc":{"start":{"line":16,"column":42},"end":{"line":40,"column":1}},"line":16}},"branchMap":{"0":{"loc":{"start":{"line":6,"column":4},"end":{"line":8,"column":5}},"type":"if","locations":[{"start":{"line":6,"column":4},"end":{"line":8,"column":5}},{"start":{},"end":{}}],"line":6},"1":{"loc":{"start":{"line":20,"column":4},"end":{"line":22,"column":5}},"type":"if","locations":[{"start":{"line":20,"column":4},"end":{"line":22,"column":5}},{"start":{},"end":{}}],"line":20}},"s":{"0":4,"1":4,"2":3,"3":3,"4":2,"5":1,"6":1,"7":1,"8":1,"9":4,"10":3,"11":3,"12":3,"13":1,"14":2,"15":1,"16":1,"17":1,"18":4},"f":{"0":3,"1":3},"b":{"0":[1,1],"1":[1,2]},"_coverageSchema":"1a1c01bbd47fc00a2c39e90264f33305004495a9","hash":"af462be61bdb388bed788ce237bf16be5d93a661"}
,"C:\\proyectos\\nexus-talent\\backend\\src\\middlewares\\authMiddleware.js": {"path":"C:\\proyectos\\nexus-talent\\backend\\src\\middlewares\\authMiddleware.js","statementMap":{"0":{"start":{"line":1,"column":12},"end":{"line":1,"column":35}},"1":{"start":{"line":3,"column":20},"end":{"line":18,"column":1}},"2":{"start":{"line":4,"column":21},"end":{"line":4,"column":49}},"3":{"start":{"line":5,"column":16},"end":{"line":5,"column":54}},"4":{"start":{"line":7,"column":2},"end":{"line":9,"column":3}},"5":{"start":{"line":8,"column":4},"end":{"line":8,"column":69}},"6":{"start":{"line":11,"column":2},"end":{"line":17,"column":3}},"7":{"start":{"line":12,"column":20},"end":{"line":12,"column":61}},"8":{"start":{"line":13,"column":4},"end":{"line":13,"column":23}},"9":{"start":{"line":14,"column":4},"end":{"line":14,"column":11}},"10":{"start":{"line":16,"column":4},"end":{"line":16,"column":72}},"11":{"start":{"line":20,"column":0},"end":{"line":20,"column":33}}},"fnMap":{"0":{"name":"(anonymous_0)","decl":{"start":{"line":3,"column":20},"end":{"line":3,"column":21}},"loc":{"start":{"line":3,"column":40},"end":{"line":18,"column":1}},"line":3}},"branchMap":{"0":{"loc":{"start":{"line":5,"column":16},"end":{"line":5,"column":54}},"type":"binary-expr","locations":[{"start":{"line":5,"column":16},"end":{"line":5,"column":26}},{"start":{"line":5,"column":30},"end":{"line":5,"column":54}}],"line":5},"1":{"loc":{"start":{"line":7,"column":2},"end":{"line":9,"column":3}},"type":"if","locations":[{"start":{"line":7,"column":2},"end":{"line":9,"column":3}},{"start":{},"end":{}}],"line":7}},"s":{"0":4,"1":4,"2":13,"3":13,"4":13,"5":0,"6":13,"7":13,"8":13,"9":13,"10":0,"11":4},"f":{"0":13},"b":{"0":[13,13],"1":[0,13]},"_coverageSchema":"1a1c01bbd47fc00a2c39e90264f33305004495a9","hash":"726617ac48ba285e7488224bccb2a91ec19071c4"}
,"C:\\proyectos\\nexus-talent\\backend\\src\\middlewares\\uploadMiddleware.js": {"path":"C:\\proyectos\\nexus-talent\\backend\\src\\middlewares\\uploadMiddleware.js","statementMap":{"0":{"start":{"line":1,"column":15},"end":{"line":1,"column":32}},"1":{"start":{"line":4,"column":16},"end":{"line":4,"column":38}},"2":{"start":{"line":7,"column":19},"end":{"line":13,"column":1}},"3":{"start":{"line":8,"column":2},"end":{"line":12,"column":3}},"4":{"start":{"line":9,"column":4},"end":{"line":9,"column":19}},"5":{"start":{"line":11,"column":4},"end":{"line":11,"column":88}},"6":{"start":{"line":15,"column":15},"end":{"line":19,"column":2}},"7":{"start":{"line":21,"column":0},"end":{"line":21,"column":24}}},"fnMap":{"0":{"name":"(anonymous_0)","decl":{"start":{"line":7,"column":19},"end":{"line":7,"column":20}},"loc":{"start":{"line":7,"column":38},"end":{"line":13,"column":1}},"line":7}},"branchMap":{"0":{"loc":{"start":{"line":8,"column":2},"end":{"line":12,"column":3}},"type":"if","locations":[{"start":{"line":8,"column":2},"end":{"line":12,"column":3}},{"start":{"line":10,"column":9},"end":{"line":12,"column":3}}],"line":8}},"s":{"0":4,"1":4,"2":4,"3":1,"4":1,"5":0,"6":4,"7":4},"f":{"0":1},"b":{"0":[1,0]},"_coverageSchema":"1a1c01bbd47fc00a2c39e90264f33305004495a9","hash":"12dca89b3f96812b1a986a09e8a4814a2da75a6b"}
,"C:\\proyectos\\nexus-talent\\backend\\src\\models\\feedbackModel.js": {"path":"C:\\proyectos\\nexus-talent\\backend\\src\\models\\feedbackModel.js","statementMap":{"0":{"start":{"line":1,"column":13},"end":{"line":1,"column":42}},"1":{"start":{"line":3,"column":29},"end":{"line":28,"column":1}},"2":{"start":{"line":4,"column":27},"end":{"line":12,"column":3}},"3":{"start":{"line":14,"column":28},"end":{"line":23,"column":3}},"4":{"start":{"line":25,"column":2},"end":{"line":25,"column":37}},"5":{"start":{"line":26,"column":2},"end":{"line":26,"column":38}},"6":{"start":{"line":27,"column":2},"end":{"line":27,"column":60}},"7":{"start":{"line":30,"column":22},"end":{"line":37,"column":1}},"8":{"start":{"line":31,"column":17},"end":{"line":35,"column":3}},"9":{"start":{"line":36,"column":2},"end":{"line":36,"column":24}},"10":{"start":{"line":39,"column":29},"end":{"line":48,"column":1}},"11":{"start":{"line":40,"column":17},"end":{"line":46,"column":3}},"12":{"start":{"line":47,"column":2},"end":{"line":47,"column":24}},"13":{"start":{"line":50,"column":29},"end":{"line":60,"column":1}},"14":{"start":{"line":51,"column":17},"end":{"line":58,"column":3}},"15":{"start":{"line":59,"column":2},"end":{"line":59,"column":21}},"16":{"start":{"line":62,"column":34},"end":{"line":70,"column":1}},"17":{"start":{"line":63,"column":17},"end":{"line":68,"column":3}},"18":{"start":{"line":69,"column":2},"end":{"line":69,"column":24}},"19":{"start":{"line":72,"column":22},"end":{"line":78,"column":1}},"20":{"start":{"line":73,"column":17},"end":{"line":76,"column":3}},"21":{"start":{"line":77,"column":2},"end":{"line":77,"column":24}},"22":{"start":{"line":80,"column":23},"end":{"line":86,"column":1}},"23":{"start":{"line":81,"column":17},"end":{"line":84,"column":3}},"24":{"start":{"line":85,"column":2},"end":{"line":85,"column":24}},"25":{"start":{"line":88,"column":0},"end":{"line":96,"column":2}}},"fnMap":{"0":{"name":"(anonymous_0)","decl":{"start":{"line":3,"column":29},"end":{"line":3,"column":30}},"loc":{"start":{"line":3,"column":41},"end":{"line":28,"column":1}},"line":3},"1":{"name":"(anonymous_1)","decl":{"start":{"line":30,"column":22},"end":{"line":30,"column":23}},"loc":{"start":{"line":30,"column":64},"end":{"line":37,"column":1}},"line":30},"2":{"name":"(anonymous_2)","decl":{"start":{"line":39,"column":29},"end":{"line":39,"column":30}},"loc":{"start":{"line":39,"column":76},"end":{"line":48,"column":1}},"line":39},"3":{"name":"(anonymous_3)","decl":{"start":{"line":50,"column":29},"end":{"line":50,"column":30}},"loc":{"start":{"line":50,"column":52},"end":{"line":60,"column":1}},"line":50},"4":{"name":"(anonymous_4)","decl":{"start":{"line":62,"column":34},"end":{"line":62,"column":35}},"loc":{"start":{"line":62,"column":57},"end":{"line":70,"column":1}},"line":62},"5":{"name":"(anonymous_5)","decl":{"start":{"line":72,"column":22},"end":{"line":72,"column":23}},"loc":{"start":{"line":72,"column":47},"end":{"line":78,"column":1}},"line":72},"6":{"name":"(anonymous_6)","decl":{"start":{"line":80,"column":23},"end":{"line":80,"column":24}},"loc":{"start":{"line":80,"column":48},"end":{"line":86,"column":1}},"line":80}},"branchMap":{},"s":{"0":4,"1":4,"2":0,"3":0,"4":0,"5":0,"6":0,"7":4,"8":1,"9":1,"10":4,"11":1,"12":1,"13":4,"14":2,"15":1,"16":4,"17":1,"18":1,"19":4,"20":1,"21":1,"22":4,"23":2,"24":2,"25":4},"f":{"0":0,"1":1,"2":1,"3":2,"4":1,"5":1,"6":2},"b":{},"_coverageSchema":"1a1c01bbd47fc00a2c39e90264f33305004495a9","hash":"9d5a0ffb2006841a32893bcd1fb139bc71614d27"}
,"C:\\proyectos\\nexus-talent\\backend\\src\\models\\portfolioModel.js": {"path":"C:\\proyectos\\nexus-talent\\backend\\src\\models\\portfolioModel.js","statementMap":{"0":{"start":{"line":1,"column":13},"end":{"line":1,"column":42}},"1":{"start":{"line":3,"column":30},"end":{"line":16,"column":1}},"2":{"start":{"line":4,"column":16},"end":{"line":13,"column":3}},"3":{"start":{"line":14,"column":2},"end":{"line":14,"column":26}},"4":{"start":{"line":15,"column":2},"end":{"line":15,"column":43}},"5":{"start":{"line":18,"column":28},"end":{"line":34,"column":1}},"6":{"start":{"line":19,"column":16},"end":{"line":31,"column":3}},"7":{"start":{"line":32,"column":2},"end":{"line":32,"column":26}},"8":{"start":{"line":33,"column":2},"end":{"line":33,"column":41}},"9":{"start":{"line":37,"column":24},"end":{"line":46,"column":1}},"10":{"start":{"line":38,"column":17},"end":{"line":44,"column":3}},"11":{"start":{"line":45,"column":2},"end":{"line":45,"column":24}},"12":{"start":{"line":49,"column":27},"end":{"line":77,"column":1}},"13":{"start":{"line":51,"column":21},"end":{"line":54,"column":3}},"14":{"start":{"line":55,"column":2},"end":{"line":55,"column":48}},"15":{"start":{"line":55,"column":36},"end":{"line":55,"column":48}},"16":{"start":{"line":57,"column":15},"end":{"line":57,"column":33}},"17":{"start":{"line":60,"column":19},"end":{"line":60,"column":23}},"18":{"start":{"line":61,"column":21},"end":{"line":64,"column":3}},"19":{"start":{"line":66,"column":2},"end":{"line":74,"column":3}},"20":{"start":{"line":67,"column":4},"end":{"line":67,"column":36}},"21":{"start":{"line":69,"column":23},"end":{"line":72,"column":5}},"22":{"start":{"line":73,"column":4},"end":{"line":73,"column":43}},"23":{"start":{"line":76,"column":2},"end":{"line":76,"column":39}},"24":{"start":{"line":80,"column":29},"end":{"line":86,"column":1}},"25":{"start":{"line":81,"column":17},"end":{"line":84,"column":3}},"26":{"start":{"line":85,"column":2},"end":{"line":85,"column":24}},"27":{"start":{"line":89,"column":22},"end":{"line":98,"column":1}},"28":{"start":{"line":90,"column":96},"end":{"line":90,"column":104}},"29":{"start":{"line":91,"column":17},"end":{"line":96,"column":3}},"30":{"start":{"line":97,"column":2},"end":{"line":97,"column":24}},"31":{"start":{"line":101,"column":22},"end":{"line":116,"column":1}},"32":{"start":{"line":102,"column":96},"end":{"line":102,"column":104}},"33":{"start":{"line":103,"column":17},"end":{"line":114,"column":3}},"34":{"start":{"line":115,"column":2},"end":{"line":115,"column":24}},"35":{"start":{"line":119,"column":22},"end":{"line":125,"column":1}},"36":{"start":{"line":120,"column":17},"end":{"line":123,"column":3}},"37":{"start":{"line":124,"column":2},"end":{"line":124,"column":24}},"38":{"start":{"line":127,"column":0},"end":{"line":136,"column":2}}},"fnMap":{"0":{"name":"(anonymous_0)","decl":{"start":{"line":3,"column":30},"end":{"line":3,"column":31}},"loc":{"start":{"line":3,"column":42},"end":{"line":16,"column":1}},"line":3},"1":{"name":"(anonymous_1)","decl":{"start":{"line":18,"column":28},"end":{"line":18,"column":29}},"loc":{"start":{"line":18,"column":40},"end":{"line":34,"column":1}},"line":18},"2":{"name":"(anonymous_2)","decl":{"start":{"line":37,"column":24},"end":{"line":37,"column":25}},"loc":{"start":{"line":37,"column":77},"end":{"line":46,"column":1}},"line":37},"3":{"name":"(anonymous_3)","decl":{"start":{"line":49,"column":27},"end":{"line":49,"column":28}},"loc":{"start":{"line":49,"column":49},"end":{"line":77,"column":1}},"line":49},"4":{"name":"(anonymous_4)","decl":{"start":{"line":80,"column":29},"end":{"line":80,"column":30}},"loc":{"start":{"line":80,"column":51},"end":{"line":86,"column":1}},"line":80},"5":{"name":"(anonymous_5)","decl":{"start":{"line":89,"column":22},"end":{"line":89,"column":23}},"loc":{"start":{"line":89,"column":57},"end":{"line":98,"column":1}},"line":89},"6":{"name":"(anonymous_6)","decl":{"start":{"line":101,"column":22},"end":{"line":101,"column":23}},"loc":{"start":{"line":101,"column":70},"end":{"line":116,"column":1}},"line":101},"7":{"name":"(anonymous_7)","decl":{"start":{"line":119,"column":22},"end":{"line":119,"column":23}},"loc":{"start":{"line":119,"column":60},"end":{"line":125,"column":1}},"line":119}},"branchMap":{"0":{"loc":{"start":{"line":37,"column":43},"end":{"line":37,"column":54}},"type":"default-arg","locations":[{"start":{"line":37,"column":52},"end":{"line":37,"column":54}}],"line":37},"1":{"loc":{"start":{"line":37,"column":56},"end":{"line":37,"column":72}},"type":"default-arg","locations":[{"start":{"line":37,"column":70},"end":{"line":37,"column":72}}],"line":37},"2":{"loc":{"start":{"line":55,"column":2},"end":{"line":55,"column":48}},"type":"if","locations":[{"start":{"line":55,"column":2},"end":{"line":55,"column":48}},{"start":{},"end":{}}],"line":55},"3":{"loc":{"start":{"line":66,"column":2},"end":{"line":74,"column":3}},"type":"if","locations":[{"start":{"line":66,"column":2},"end":{"line":74,"column":3}},{"start":{},"end":{}}],"line":66}},"s":{"0":4,"1":4,"2":0,"3":0,"4":0,"5":4,"6":0,"7":0,"8":0,"9":4,"10":0,"11":0,"12":4,"13":3,"14":2,"15":1,"16":1,"17":1,"18":1,"19":1,"20":1,"21":1,"22":1,"23":1,"24":4,"25":3,"26":3,"27":4,"28":1,"29":1,"30":1,"31":4,"32":0,"33":0,"34":0,"35":4,"36":2,"37":2,"38":4},"f":{"0":0,"1":0,"2":0,"3":3,"4":3,"5":1,"6":0,"7":2},"b":{"0":[0],"1":[0],"2":[1,1],"3":[1,0]},"_coverageSchema":"1a1c01bbd47fc00a2c39e90264f33305004495a9","hash":"7b9fee95b65b082366fb61a1e40e2d7c0d1b4fac"}
,"C:\\proyectos\\nexus-talent\\backend\\src\\models\\userModel.js": {"path":"C:\\proyectos\\nexus-talent\\backend\\src\\models\\userModel.js","statementMap":{"0":{"start":{"line":1,"column":13},"end":{"line":1,"column":42}},"1":{"start":{"line":3,"column":25},"end":{"line":20,"column":1}},"2":{"start":{"line":4,"column":16},"end":{"line":17,"column":3}},"3":{"start":{"line":18,"column":2},"end":{"line":18,"column":26}},"4":{"start":{"line":19,"column":2},"end":{"line":19,"column":40}},"5":{"start":{"line":22,"column":24},"end":{"line":28,"column":1}},"6":{"start":{"line":23,"column":17},"end":{"line":26,"column":3}},"7":{"start":{"line":27,"column":2},"end":{"line":27,"column":24}},"8":{"start":{"line":30,"column":21},"end":{"line":36,"column":1}},"9":{"start":{"line":31,"column":17},"end":{"line":34,"column":3}},"10":{"start":{"line":35,"column":2},"end":{"line":35,"column":24}},"11":{"start":{"line":38,"column":19},"end":{"line":46,"column":1}},"12":{"start":{"line":39,"column":17},"end":{"line":44,"column":3}},"13":{"start":{"line":45,"column":2},"end":{"line":45,"column":24}},"14":{"start":{"line":48,"column":19},"end":{"line":57,"column":1}},"15":{"start":{"line":49,"column":17},"end":{"line":55,"column":3}},"16":{"start":{"line":56,"column":2},"end":{"line":56,"column":24}},"17":{"start":{"line":59,"column":0},"end":{"line":59,"column":93}}},"fnMap":{"0":{"name":"(anonymous_0)","decl":{"start":{"line":3,"column":25},"end":{"line":3,"column":26}},"loc":{"start":{"line":3,"column":37},"end":{"line":20,"column":1}},"line":3},"1":{"name":"(anonymous_1)","decl":{"start":{"line":22,"column":24},"end":{"line":22,"column":25}},"loc":{"start":{"line":22,"column":41},"end":{"line":28,"column":1}},"line":22},"2":{"name":"(anonymous_2)","decl":{"start":{"line":30,"column":21},"end":{"line":30,"column":22}},"loc":{"start":{"line":30,"column":35},"end":{"line":36,"column":1}},"line":30},"3":{"name":"(anonymous_3)","decl":{"start":{"line":38,"column":19},"end":{"line":38,"column":20}},"loc":{"start":{"line":38,"column":63},"end":{"line":46,"column":1}},"line":38},"4":{"name":"(anonymous_4)","decl":{"start":{"line":48,"column":19},"end":{"line":48,"column":20}},"loc":{"start":{"line":48,"column":84},"end":{"line":57,"column":1}},"line":48}},"branchMap":{},"s":{"0":4,"1":4,"2":0,"3":0,"4":0,"5":4,"6":5,"7":5,"8":4,"9":3,"10":2,"11":4,"12":1,"13":1,"14":4,"15":2,"16":1,"17":4},"f":{"0":0,"1":5,"2":3,"3":1,"4":2},"b":{},"_coverageSchema":"1a1c01bbd47fc00a2c39e90264f33305004495a9","hash":"c0fb4010bfb3db57642e31a2dde47d7ca5f0448e"}
,"C:\\proyectos\\nexus-talent\\backend\\src\\routes\\authRoutes.js": {"path":"C:\\proyectos\\nexus-talent\\backend\\src\\routes\\authRoutes.js","statementMap":{"0":{"start":{"line":1,"column":16},"end":{"line":1,"column":34}},"1":{"start":{"line":2,"column":15},"end":{"line":2,"column":31}},"2":{"start":{"line":3,"column":28},"end":{"line":3,"column":68}},"3":{"start":{"line":65,"column":0},"end":{"line":65,"column":35}},"4":{"start":{"line":109,"column":0},"end":{"line":109,"column":29}},"5":{"start":{"line":111,"column":0},"end":{"line":111,"column":24}}},"fnMap":{},"branchMap":{},"s":{"0":4,"1":4,"2":4,"3":4,"4":4,"5":4},"f":{},"b":{},"_coverageSchema":"1a1c01bbd47fc00a2c39e90264f33305004495a9","hash":"f5437d0e299f4453473cbdb572d1c0740ad4fef1"}
,"C:\\proyectos\\nexus-talent\\backend\\src\\routes\\feedbackRoutes.js": {"path":"C:\\proyectos\\nexus-talent\\backend\\src\\routes\\feedbackRoutes.js","statementMap":{"0":{"start":{"line":1,"column":16},"end":{"line":1,"column":34}},"1":{"start":{"line":2,"column":15},"end":{"line":2,"column":31}},"2":{"start":{"line":3,"column":59},"end":{"line":3,"column":103}},"3":{"start":{"line":4,"column":24},"end":{"line":4,"column":64}},"4":{"start":{"line":22,"column":0},"end":{"line":22,"column":55}},"5":{"start":{"line":54,"column":0},"end":{"line":54,"column":62}},"6":{"start":{"line":74,"column":0},"end":{"line":74,"column":66}},"7":{"start":{"line":76,"column":0},"end":{"line":76,"column":24}}},"fnMap":{},"branchMap":{},"s":{"0":4,"1":4,"2":4,"3":4,"4":4,"5":4,"6":4,"7":4},"f":{},"b":{},"_coverageSchema":"1a1c01bbd47fc00a2c39e90264f33305004495a9","hash":"fcd946c8c276c317de1960d6b7142b1d4c0d3e4f"}
,"C:\\proyectos\\nexus-talent\\backend\\src\\routes\\portfolioRoutes.js": {"path":"C:\\proyectos\\nexus-talent\\backend\\src\\routes\\portfolioRoutes.js","statementMap":{"0":{"start":{"line":1,"column":16},"end":{"line":1,"column":34}},"1":{"start":{"line":2,"column":15},"end":{"line":2,"column":31}},"2":{"start":{"line":3,"column":75},"end":{"line":3,"column":120}},"3":{"start":{"line":4,"column":24},"end":{"line":4,"column":64}},"4":{"start":{"line":5,"column":15},"end":{"line":5,"column":57}},"5":{"start":{"line":25,"column":0},"end":{"line":25,"column":47}},"6":{"start":{"line":59,"column":0},"end":{"line":59,"column":75}},"7":{"start":{"line":98,"column":0},"end":{"line":98,"column":79}},"8":{"start":{"line":118,"column":0},"end":{"line":118,"column":59}},"9":{"start":{"line":120,"column":0},"end":{"line":120,"column":24}}},"fnMap":{},"branchMap":{},"s":{"0":4,"1":4,"2":4,"3":4,"4":4,"5":4,"6":4,"7":4,"8":4,"9":4},"f":{},"b":{},"_coverageSchema":"1a1c01bbd47fc00a2c39e90264f33305004495a9","hash":"870ae3d1d8640407795e60719b035071494aabb7"}
,"C:\\proyectos\\nexus-talent\\backend\\src\\routes\\userRoutes.js": {"path":"C:\\proyectos\\nexus-talent\\backend\\src\\routes\\userRoutes.js","statementMap":{"0":{"start":{"line":1,"column":16},"end":{"line":1,"column":34}},"1":{"start":{"line":2,"column":15},"end":{"line":2,"column":31}},"2":{"start":{"line":3,"column":38},"end":{"line":3,"column":78}},"3":{"start":{"line":4,"column":24},"end":{"line":4,"column":64}},"4":{"start":{"line":55,"column":0},"end":{"line":55,"column":48}},"5":{"start":{"line":100,"column":0},"end":{"line":100,"column":51}},"6":{"start":{"line":102,"column":0},"end":{"line":102,"column":24}}},"fnMap":{},"branchMap":{},"s":{"0":4,"1":4,"2":4,"3":4,"4":4,"5":4,"6":4},"f":{},"b":{},"_coverageSchema":"1a1c01bbd47fc00a2c39e90264f33305004495a9","hash":"5510872476cab8376d90180c54ccdd82d753ac0e"}
}
