TN:
SF:src\app.js
FN:23,(anonymous_0)
FN:36,(anonymous_1)
FNF:2
FNH:0
FNDA:0,(anonymous_0)
FNDA:0,(anonymous_1)
DA:1,4
DA:2,4
DA:3,4
DA:4,4
DA:5,4
DA:7,4
DA:8,4
DA:9,4
DA:10,4
DA:12,4
DA:14,4
DA:15,4
DA:18,4
DA:23,4
DA:24,0
DA:31,4
DA:32,4
DA:33,4
DA:34,4
DA:36,4
DA:37,0
DA:40,4
LF:22
LH:20
BRF:0
BRH:0
end_of_record
TN:
SF:src\config\cloudinary.js
FNF:0
FNH:0
DA:1,3
DA:2,3
DA:4,3
DA:10,3
LF:4
LH:4
BRF:0
BRH:0
end_of_record
TN:
SF:src\config\swagger.js
FNF:0
FNH:0
DA:1,4
DA:3,4
DA:35,4
DA:36,4
LF:4
LH:4
BRF:0
BRH:0
end_of_record
TN:
SF:src\controllers\authController.js
FN:5,(anonymous_0)
FN:48,(anonymous_1)
FNF:2
FNH:2
FNDA:5,(anonymous_0)
FNDA:4,(anonymous_1)
DA:1,4
DA:2,4
DA:3,4
DA:5,4
DA:6,5
DA:7,5
DA:9,5
DA:10,1
DA:13,4
DA:14,4
DA:15,1
DA:18,3
DA:19,1
DA:22,2
DA:23,2
DA:24,1
DA:27,1
DA:28,1
DA:30,1
DA:36,1
DA:43,0
DA:44,0
DA:48,4
DA:49,4
DA:50,4
DA:52,4
DA:53,1
DA:56,3
DA:57,3
DA:58,1
DA:61,2
DA:62,2
DA:63,1
DA:66,1
DA:72,1
DA:84,0
DA:85,0
DA:89,4
LF:38
LH:34
BRDA:9,0,0,1
BRDA:9,0,1,4
BRDA:9,1,0,5
BRDA:9,1,1,4
BRDA:9,1,2,4
BRDA:9,1,3,4
BRDA:14,2,0,1
BRDA:14,2,1,3
BRDA:18,3,0,1
BRDA:18,3,1,2
BRDA:23,4,0,1
BRDA:23,4,1,1
BRDA:52,5,0,1
BRDA:52,5,1,3
BRDA:52,6,0,4
BRDA:52,6,1,3
BRDA:57,7,0,1
BRDA:57,7,1,2
BRDA:62,8,0,1
BRDA:62,8,1,1
BRF:20
BRH:20
end_of_record
TN:
SF:src\controllers\feedbackController.js
FN:14,(anonymous_0)
FN:28,(anonymous_1)
FN:74,(anonymous_2)
FN:97,(anonymous_3)
FNF:4
FNH:4
FNDA:4,(anonymous_0)
FNDA:2,(anonymous_1)
FNDA:2,(anonymous_2)
FNDA:2,(anonymous_3)
DA:8,4
DA:9,4
DA:14,4
DA:15,4
DA:22,4
DA:28,4
DA:29,2
DA:30,2
DA:31,2
DA:32,2
DA:34,2
DA:35,0
DA:38,2
DA:39,2
DA:40,0
DA:43,2
DA:44,1
DA:47,1
DA:48,1
DA:50,1
DA:51,1
DA:52,0
DA:54,1
DA:57,1
DA:58,1
DA:59,0
DA:61,1
DA:64,1
DA:66,0
DA:67,0
DA:74,4
DA:75,2
DA:76,2
DA:78,2
DA:79,1
DA:81,1
DA:89,1
DA:90,1
DA:97,4
DA:98,2
DA:99,2
DA:100,2
DA:102,2
DA:103,2
DA:104,0
DA:107,2
DA:110,2
DA:111,1
DA:114,1
DA:115,0
DA:117,1
DA:118,1
DA:122,4
LF:53
LH:45
BRDA:34,0,0,0
BRDA:34,0,1,2
BRDA:34,1,0,2
BRDA:34,1,1,0
BRDA:39,2,0,0
BRDA:39,2,1,2
BRDA:43,3,0,1
BRDA:43,3,1,1
BRDA:50,4,0,1
BRDA:50,4,1,0
BRDA:51,5,0,0
BRDA:51,5,1,1
BRDA:57,6,0,1
BRDA:57,6,1,0
BRDA:58,7,0,0
BRDA:58,7,1,1
BRDA:58,8,0,1
BRDA:58,8,1,1
BRDA:84,9,0,1
BRDA:84,9,1,0
BRDA:85,10,0,1
BRDA:85,10,1,0
BRDA:103,11,0,0
BRDA:103,11,1,2
BRDA:110,12,0,1
BRDA:110,12,1,1
BRDA:110,13,0,2
BRDA:110,13,1,1
BRF:28
BRH:18
end_of_record
TN:
SF:src\controllers\portfolioController.js
FN:14,(anonymous_0)
FN:33,(anonymous_1)
FN:44,(anonymous_2)
FN:45,(anonymous_3)
FN:48,(anonymous_4)
FN:60,(anonymous_5)
FN:89,(anonymous_6)
FN:89,(anonymous_7)
FN:114,(anonymous_8)
FN:134,(anonymous_9)
FN:134,(anonymous_10)
FN:163,(anonymous_11)
FNF:12
FNH:9
FNDA:3,(anonymous_0)
FNDA:1,(anonymous_1)
FNDA:1,(anonymous_2)
FNDA:1,(anonymous_3)
FNDA:1,(anonymous_4)
FNDA:1,(anonymous_5)
FNDA:2,(anonymous_6)
FNDA:2,(anonymous_7)
FNDA:0,(anonymous_8)
FNDA:0,(anonymous_9)
FNDA:0,(anonymous_10)
FNDA:2,(anonymous_11)
DA:8,4
DA:9,4
DA:14,4
DA:15,3
DA:16,3
DA:17,3
DA:19,1
DA:20,1
DA:23,0
DA:25,2
DA:26,2
DA:33,4
DA:34,1
DA:35,1
DA:36,0
DA:38,1
DA:44,4
DA:45,1
DA:46,1
DA:49,1
DA:50,1
DA:53,1
DA:60,4
DA:61,1
DA:62,1
DA:63,1
DA:65,1
DA:66,0
DA:69,1
DA:70,0
DA:74,1
DA:77,1
DA:78,1
DA:79,1
DA:80,1
DA:82,0
DA:83,0
DA:87,1
DA:88,1
DA:89,2
DA:90,0
DA:91,0
DA:95,1
DA:104,1
DA:106,0
DA:107,0
DA:114,4
DA:115,0
DA:116,0
DA:117,0
DA:118,0
DA:120,0
DA:121,0
DA:122,0
DA:125,0
DA:126,0
DA:127,0
DA:128,0
DA:131,0
DA:132,0
DA:133,0
DA:134,0
DA:135,0
DA:136,0
DA:140,0
DA:149,0
DA:150,0
DA:153,0
DA:155,0
DA:156,0
DA:163,4
DA:164,2
DA:165,2
DA:166,2
DA:168,2
DA:169,2
DA:170,0
DA:173,2
DA:174,2
DA:175,1
DA:178,1
DA:180,0
DA:181,0
DA:185,4
LF:84
LH:48
BRDA:19,0,0,1
BRDA:19,0,1,0
BRDA:35,1,0,0
BRDA:35,1,1,1
BRDA:49,2,0,0
BRDA:49,2,1,1
BRDA:65,3,0,0
BRDA:65,3,1,1
BRDA:65,4,0,1
BRDA:65,4,1,1
BRDA:65,4,2,1
BRDA:69,5,0,0
BRDA:69,5,1,1
BRDA:88,6,0,1
BRDA:88,6,1,0
BRDA:90,7,0,0
BRDA:90,7,1,0
BRDA:121,8,0,0
BRDA:121,8,1,0
BRDA:126,9,0,0
BRDA:126,9,1,0
BRDA:132,10,0,0
BRDA:132,10,1,0
BRDA:133,11,0,0
BRDA:133,11,1,0
BRDA:135,12,0,0
BRDA:135,12,1,0
BRDA:149,13,0,0
BRDA:149,13,1,0
BRDA:169,14,0,0
BRDA:169,14,1,2
BRDA:174,15,0,1
BRDA:174,15,1,1
BRF:33
BRH:12
end_of_record
TN:
SF:src\controllers\userController.js
FN:3,(anonymous_0)
FN:16,(anonymous_1)
FNF:2
FNH:2
FNDA:3,(anonymous_0)
FNDA:3,(anonymous_1)
DA:1,4
DA:3,4
DA:4,3
DA:5,3
DA:6,2
DA:7,1
DA:9,1
DA:11,1
DA:12,1
DA:16,4
DA:17,3
DA:18,3
DA:20,3
DA:21,1
DA:24,2
DA:31,1
DA:37,1
DA:38,1
DA:42,4
LF:19
LH:19
BRDA:6,0,0,1
BRDA:6,0,1,1
BRDA:20,1,0,1
BRDA:20,1,1,2
BRF:4
BRH:4
end_of_record
TN:
SF:src\middlewares\authMiddleware.js
FN:3,(anonymous_0)
FNF:1
FNH:1
FNDA:13,(anonymous_0)
DA:1,4
DA:3,4
DA:4,13
DA:5,13
DA:7,13
DA:8,0
DA:11,13
DA:12,13
DA:13,13
DA:14,13
DA:16,0
DA:20,4
LF:12
LH:10
BRDA:5,0,0,13
BRDA:5,0,1,13
BRDA:7,1,0,0
BRDA:7,1,1,13
BRF:4
BRH:3
end_of_record
TN:
SF:src\middlewares\uploadMiddleware.js
FN:7,(anonymous_0)
FNF:1
FNH:1
FNDA:1,(anonymous_0)
DA:1,4
DA:4,4
DA:7,4
DA:8,1
DA:9,1
DA:11,0
DA:15,4
DA:21,4
LF:8
LH:7
BRDA:8,0,0,1
BRDA:8,0,1,0
BRF:2
BRH:1
end_of_record
TN:
SF:src\models\feedbackModel.js
FN:3,(anonymous_0)
FN:30,(anonymous_1)
FN:39,(anonymous_2)
FN:50,(anonymous_3)
FN:62,(anonymous_4)
FN:72,(anonymous_5)
FN:80,(anonymous_6)
FNF:7
FNH:6
FNDA:0,(anonymous_0)
FNDA:1,(anonymous_1)
FNDA:1,(anonymous_2)
FNDA:2,(anonymous_3)
FNDA:1,(anonymous_4)
FNDA:1,(anonymous_5)
FNDA:2,(anonymous_6)
DA:1,4
DA:3,4
DA:4,0
DA:14,0
DA:25,0
DA:26,0
DA:27,0
DA:30,4
DA:31,1
DA:36,1
DA:39,4
DA:40,1
DA:47,1
DA:50,4
DA:51,2
DA:59,1
DA:62,4
DA:63,1
DA:69,1
DA:72,4
DA:73,1
DA:77,1
DA:80,4
DA:81,2
DA:85,2
DA:88,4
LF:26
LH:21
BRF:0
BRH:0
end_of_record
TN:
SF:src\models\portfolioModel.js
FN:3,(anonymous_0)
FN:18,(anonymous_1)
FN:37,(anonymous_2)
FN:49,(anonymous_3)
FN:80,(anonymous_4)
FN:89,(anonymous_5)
FN:101,(anonymous_6)
FN:119,(anonymous_7)
FNF:8
FNH:4
FNDA:0,(anonymous_0)
FNDA:0,(anonymous_1)
FNDA:0,(anonymous_2)
FNDA:3,(anonymous_3)
FNDA:3,(anonymous_4)
FNDA:1,(anonymous_5)
FNDA:0,(anonymous_6)
FNDA:2,(anonymous_7)
DA:1,4
DA:3,4
DA:4,0
DA:14,0
DA:15,0
DA:18,4
DA:19,0
DA:32,0
DA:33,0
DA:37,4
DA:38,0
DA:45,0
DA:49,4
DA:51,3
DA:55,2
DA:57,1
DA:60,1
DA:61,1
DA:66,1
DA:67,0
DA:69,0
DA:73,0
DA:76,0
DA:80,4
DA:81,3
DA:85,3
DA:89,4
DA:90,1
DA:91,1
DA:97,1
DA:101,4
DA:102,0
DA:103,0
DA:115,0
DA:119,4
DA:120,2
DA:124,2
DA:127,4
LF:38
LH:23
BRDA:37,0,0,0
BRDA:37,1,0,0
BRDA:55,2,0,1
BRDA:55,2,1,1
BRDA:66,3,0,0
BRDA:66,3,1,0
BRF:6
BRH:2
end_of_record
TN:
SF:src\models\userModel.js
FN:3,(anonymous_0)
FN:22,(anonymous_1)
FN:30,(anonymous_2)
FN:38,(anonymous_3)
FN:48,(anonymous_4)
FNF:5
FNH:4
FNDA:0,(anonymous_0)
FNDA:5,(anonymous_1)
FNDA:3,(anonymous_2)
FNDA:1,(anonymous_3)
FNDA:2,(anonymous_4)
DA:1,4
DA:3,4
DA:4,0
DA:18,0
DA:19,0
DA:22,4
DA:23,5
DA:27,5
DA:30,4
DA:31,3
DA:35,2
DA:38,4
DA:39,1
DA:45,1
DA:48,4
DA:49,2
DA:56,1
DA:59,4
LF:18
LH:15
BRF:0
BRH:0
end_of_record
TN:
SF:src\routes\authRoutes.js
FNF:0
FNH:0
DA:1,4
DA:2,4
DA:3,4
DA:65,4
DA:109,4
DA:111,4
LF:6
LH:6
BRF:0
BRH:0
end_of_record
TN:
SF:src\routes\feedbackRoutes.js
FNF:0
FNH:0
DA:1,4
DA:2,4
DA:3,4
DA:4,4
DA:22,4
DA:54,4
DA:74,4
DA:76,4
LF:8
LH:8
BRF:0
BRH:0
end_of_record
TN:
SF:src\routes\portfolioRoutes.js
FNF:0
FNH:0
DA:1,4
DA:2,4
DA:3,4
DA:4,4
DA:5,4
DA:25,4
DA:59,4
DA:98,4
DA:118,4
DA:120,4
LF:10
LH:10
BRF:0
BRH:0
end_of_record
TN:
SF:src\routes\userRoutes.js
FNF:0
FNH:0
DA:1,4
DA:2,4
DA:3,4
DA:4,4
DA:55,4
DA:100,4
DA:102,4
LF:7
LH:7
BRF:0
BRH:0
end_of_record
